<?xml version="1.0" encoding="UTF-8"?>

<beans xmlns="http://www.springframework.org/schema/beans"
       xmlns:p="http://www.springframework.org/schema/p" xmlns:tx="http://www.springframework.org/schema/tx"
       xmlns:context="http://www.springframework.org/schema/context"
       xmlns:xsi="http://www.w3.org/2001/XMLSchema-instance"
       xsi:schemaLocation="http://www.springframework.org/schema/beans
http://www.springframework.org/schema/beans/spring-beans-3.1.xsd
http://www.springframework.org/schema/tx
http://www.springframework.org/schema/tx/spring-tx-3.1.xsd
http://www.springframework.org/schema/context
http://www.springframework.org/schema/context/spring-context-3.1.xsd">   
    <!-- see also http://paulszulc.wordpress.com/2010/01/09/jpa-2-0-and-spring-3-0-with-maven/
    for an alternate way to configure -->
 
    <bean id="dataSource" class="com.mchange.v2.c3p0.ComboPooledDataSource" destroy-method="close">
        <property name="driverClass" value="org.apache.derby.jdbc.ClientDriver"/>
        <property name="jdbcUrl" value="jdbc:derby://localhost:1527/sec"/>
        <property name="user" value="sec"/>
        <property name="password" value="sec"/>
    </bean>
    <bean id="vendorAdapter" class="org.springframework.orm.jpa.vendor.HibernateJpaVendorAdapter">
    
    </bean>
    <bean
        class="org.springframework.orm.jpa.LocalContainerEntityManagerFactoryBean"
        id="entityManagerFactory"  >
        <property name="dataSource" ref="dataSource" />
        <property name="persistenceUnitName" value="Test_SimpleJPA_PU" />
        <property name="jpaVendorAdapter" ref="vendorAdapter" />
        <property name="jpaDialect" ref="jpaDialect" />         
    </bean>
    <bean id="jpaDialect" class="org.springframework.orm.jpa.vendor.HibernateJpaDialect" />
    <bean class="org.springframework.orm.jpa.JpaTransactionManager"
          id="transactionManager">
        <property name="entityManagerFactory" ref="entityManagerFactory" />
        <property name="jpaDialect" ref="jpaDialect" />
    </bean>
   
    
    
       	<context:component-scan base-package="
        com.dhenton9000.jpa.spring.annotations.dao,
        com.dhenton9000.jpa.spring.annotations.dao.impl,
        com.dhenton9000.jpa.spring.service.impl
        "
        >
        <!--    
	<context:include-filter type="annotation"
			expression="org.springframework.stereotype.Repository" />
                        -->
	</context:component-scan>

        <tx:annotation-driven mode="aspectj" 
		transaction-manager="transactionManager" />

	<context:spring-configured />
	<context:annotation-config />

 
</beans>
