<?xml version="1.0" encoding="UTF-8"?>
<beans xmlns="http://www.springframework.org/schema/beans"
	xmlns:xsi="http://www.w3.org/2001/XMLSchema-instance" xmlns:context="http://www.springframework.org/schema/context"
	xmlns:mvc="http://www.springframework.org/schema/mvc"
	xsi:schemaLocation="
		http://www.springframework.org/schema/beans http://www.springframework.org/schema/beans/spring-beans-3.0.xsd
		http://www.springframework.org/schema/context         http://www.springframework.org/schema/context/spring-context-3.0.xsd
		http://www.springframework.org/schema/mvc http://www.springframework.org/schema/mvc/spring-mvc-3.0.xsd">

	<!-- <context:component-scan base-package="com.dhenton9000" /> -->



	<bean id="restaurantService" scope="singleton"
		class="com.dhenton9000.spring.mvc.jdo.service.impl.RestaurantServiceImpl">
		<property name="restaurantDao" ref="restaurantDao" />
	</bean>

	<bean id="restaurantDao" scope="singleton"
		class="com.dhenton9000.spring.mvc.jdo.dao.impl.RestaurantDaoImpl">

	</bean>
	<!--  
	<bean id="reviewService" scope="singleton"
		class="com.dhenton9000.spring.mvc.jdo.service.impl.ReviewServiceImpl">
		<property name="restaurantDao" ref="restaurantDao" />
		<property name="reviewDao" ref="reviewDao" />
	</bean>
-->
</beans>
