<?xml version="1.0" encoding="UTF-8"?>

<mule xmlns="http://www.mulesoft.org/schema/mule/core" 
      xmlns:jms="http://www.mulesoft.org/schema/mule/jms" 
      xmlns:doc="http://www.mulesoft.org/schema/mule/documentation" 
      xmlns:spring="http://www.springframework.org/schema/beans" 
      xmlns:core="http://www.mulesoft.org/schema/mule/core" 
      xmlns:http="http://www.mulesoft.org/schema/mule/http" 
      xmlns:cxf="http://www.mulesoft.org/schema/mule/cxf" 
      xmlns:xsi="http://www.w3.org/2001/XMLSchema-instance" 
      xmlns:quartz="http://www.mulesoft.org/schema/mule/quartz" 
      xmlns:mule-ss="http://www.mulesoft.org/schema/mule/spring-security" 
      version="CE-3.2.1" xsi:schemaLocation="
http://www.mulesoft.org/schema/mule/jms http://www.mulesoft.org/schema/mule/jms/3.2/mule-jms.xsd 
http://www.springframework.org/schema/beans http://www.springframework.org/schema/beans/spring-beans-3.0.xsd 
http://www.mulesoft.org/schema/mule/core http://www.mulesoft.org/schema/mule/core/3.2/mule.xsd 
http://www.mulesoft.org/schema/mule/http http://www.mulesoft.org/schema/mule/http/3.2/mule-http.xsd 
http://www.mulesoft.org/schema/mule/cxf http://www.mulesoft.org/schema/mule/cxf/3.2/mule-cxf.xsd 
http://www.mulesoft.org/schema/mule/quartz http://www.mulesoft.org/schema/mule/quartz/3.2/mule-quartz.xsd 
http://www.mulesoft.org/schema/mule/spring-security http://www.mulesoft.org/schema/mule/spring-security/3.2/mule-spring-security.xsd ">
    <spring:beans>
        <spring:import resource="remote-activemq-broker.xml" />
            
      
    </spring:beans>
    
        
    <jms:activemq-connector name="jms-connector" specification="1.1"
                            maxRedelivery="1" durable="true" acknowledgementMode="AUTO_ACKNOWLEDGE"
                            persistentDelivery="true" numberOfConsumers="4"
                            connectionFactory-ref="AmqConnectionFactory">
        
    </jms:activemq-connector>

    <!-- using activemq send in a message with the word bozo to throw a message 
     configure the instance to have a DLQ strategy then remove the transaction
     element below. Routing to the DLQ will only occur when the transaction 
     element is present
     if acknowlegementMode is set to CLIENT_ACKNOWLEDGE, the poison message
     is processed retry n times and stays on the queue
    
    -->
    
    <flow name="rollback_testing_consumer">
        <jms:inbound-endpoint queue="testConsumerQueue.in" connector-ref="jms-connector">
           <jms:transaction action="ALWAYS_BEGIN" /> 
        </jms:inbound-endpoint>
        <component class="com.dhenton9000.jms.components.JmsTestComponent"  />
    </flow>
</mule>
