<?xml version="1.0" encoding="UTF-8"?>

<mule xmlns="http://www.mulesoft.org/schema/mule/core" 
      xmlns:http="http://www.mulesoft.org/schema/mule/http"
      xmlns:mule-ss="http://www.mulesoft.org/schema/mule/spring-security"
      xmlns:ss="http://www.springframework.org/schema/security"
      xmlns:cxf="http://www.mulesoft.org/schema/mule/cxf" 
      xmlns:file="http://www.mulesoft.org/schema/mule/file" 
      xmlns:vm="http://www.mulesoft.org/schema/mule/vm" 
      xmlns:jms="http://www.mulesoft.org/schema/mule/jms" 
      xmlns:mulexml="http://www.mulesoft.org/schema/mule/xml" 
      xmlns:doc="http://www.mulesoft.org/schema/mule/documentation"
      xmlns:context="http://www.springframework.org/schema/context"
      xmlns:spring="http://www.springframework.org/schema/beans" 
      xmlns:xsi="http://www.w3.org/2001/XMLSchema-instance"
      version="CE-3.2.1"
      xsi:schemaLocation="
http://www.mulesoft.org/schema/mule/http http://www.mulesoft.org/schema/mule/http/3.4/mule-http.xsd 
http://www.mulesoft.org/schema/mule/cxf http://www.mulesoft.org/schema/mule/cxf/3.4/mule-cxf.xsd 
http://www.mulesoft.org/schema/mule/file http://www.mulesoft.org/schema/mule/file/3.4/mule-file.xsd 
http://www.mulesoft.org/schema/mule/jms http://www.mulesoft.org/schema/mule/jms/3.4/mule-jms.xsd 
http://www.mulesoft.org/schema/mule/xml http://www.mulesoft.org/schema/mule/xml/3.4/mule-xml.xsd
http://www.mulesoft.org/schema/mule/vm http://www.mulesoft.org/schema/mule/vm/3.4/mule-vm.xsd 
http://www.mulesoft.org/schema/mule/spring-security http://www.mulesoft.org/schema/mule/spring-security/3.4/mule-spring-security.xsd
http://www.springframework.org/schema/security http://www.springframework.org/schema/security/spring-security-3.1.xsd
http://www.springframework.org/schema/context http://www.springframework.org/schema/context/spring-context-3.2.xsd 
http://www.springframework.org/schema/beans http://www.springframework.org/schema/beans/spring-beans-3.2.xsd 
http://www.mulesoft.org/schema/mule/core http://www.mulesoft.org/schema/mule/core/3.4/mule.xsd ">    
    
    
    <spring:beans>
        <spring:import resource="remote-activemq-broker.xml" />
         
    </spring:beans>
    
     <jms:activemq-connector name="jms-connector" specification="1.1"
                            maxRedelivery="1" durable="true" acknowledgementMode="AUTO_ACKNOWLEDGE"
                            persistentDelivery="true" numberOfConsumers="4"
                            connectionFactory-ref="AmqConnectionFactory">
        
    </jms:activemq-connector>
    
    
    
    <flow name="test_processor" doc:name="test_processor">
        <jms:inbound-endpoint queue="testProcess.in" connector-ref="jms-connector" doc:name="JMS"/>
        <echo-component doc:name="Echo"/>
        <component class="com.dhenton9000.jms.components.JmsTestComponent" />
           <message-properties-transformer>
			<add-message-property key="timeToLive"
				value="50000" />
		</message-properties-transformer> 
         <jms:outbound-endpoint queue="testProcess.reply" connector-ref="jms-connector" doc:name="JMS"/>
    </flow>
     
</mule>
