<?xml version="1.0" encoding="UTF-8"?>
<mule xmlns="http://www.mulesoft.org/schema/mule/core" xmlns:xsi="http://www.w3.org/2001/XMLSchema-instance"
	xmlns:spring="http://www.springframework.org/schema/beans"  
	xmlns:http="http://www.mulesoft.org/schema/mule/http" xmlns:cxf="http://www.mulesoft.org/schema/mule/cxf"
	xmlns:jersey="http://www.mulesoft.org/schema/mule/jersey"
	xsi:schemaLocation="
    http://www.springframework.org/schema/beans http://www.springframework.org/schema/beans/spring-beans-3.0.xsd
    http://www.mulesoft.org/schema/mule/core http://www.mulesoft.org/schema/mule/core/3.2/mule.xsd
    http://www.mulesoft.org/schema/mule/cxf http://www.mulesoft.org/schema/mule/cxf/3.2/mule-cxf.xsd
    http://www.mulesoft.org/schema/mule/http http://www.mulesoft.org/schema/mule/http/3.2/mule-http.xsd
    http://www.mulesoft.org/schema/mule/jersey http://www.mulesoft.org/schema/mule/jersey/3.2/mule-jersey.xsd
    http://jersey.apache.org/core http://jersey.apache.org/schemas/core.xsd">

	<!-- http://localhost:8500/sayhello/fred -->

    <flow name="jerseyTest">
        <inbound-endpoint
			address="http://localhost:8500"
			exchange-pattern="request-response" />
        <jersey:resources>
            <component class="com.dhenton9000.mule.jersey.JerseyComponent" />
			 
        </jersey:resources>
    </flow>

</mule>