<?xml version="1.0" encoding="UTF-8"?>
<beans xmlns="http://www.springframework.org/schema/beans"
       xmlns:xsi="http://www.w3.org/2001/XMLSchema-instance"
       xmlns:c="http://www.springframework.org/schema/c"
       xmlns:context="http://www.springframework.org/schema/context"
       xmlns:lang="http://www.springframework.org/schema/lang"
       xmlns:p="http://www.springframework.org/schema/p"
       xmlns:util="http://www.springframework.org/schema/util"

       xsi:schemaLocation="http://www.springframework.org/schema/beans http://www.springframework.org/schema/beans/spring-beans-3.2.xsd
          http://www.springframework.org/schema/context http://www.springframework.org/schema/context/spring-context-3.2.xsd
          http://www.springframework.org/schema/lang http://www.springframework.org/schema/lang/spring-lang-3.2.xsd
          http://www.springframework.org/schema/util http://www.springframework.org/schema/util/spring-util-3.2.xsd
">

    
    <!-- Rest Template -->
    <bean id="restTemplate" class="org.springframework.web.client.RestTemplate">
        
    </bean>
    <!-- Register JSON Converter for RESTful Web Service -->
    <bean class="org.springframework.web.servlet.mvc.annotation.AnnotationMethodHandlerAdapter">
        <property name="messageConverters">
            <list>
                <bean class="org.springframework.http.converter.json.MappingJacksonHttpMessageConverter">
                </bean>
            </list>
        </property>
    </bean>
 

    
    
    
    
</beans>
